<?xml version="1.0" encoding="UTF-8"?>
<testsuite xmlns:xsi="http://www.w3.org/2001/XMLSchema-instance" xsi:noNamespaceSchemaLocation="https://maven.apache.org/surefire/maven-surefire-plugin/xsd/surefire-test-report-3.0.xsd" version="3.0" name="com.portfolio.pswmanager.PswmanagerApplicationTests" time="9.354" tests="1" errors="0" skipped="0" failures="0">
  <properties>
[...]
</properties>
  <testcase name="contextLoads" classname="com.portfolio.pswmanager.PswmanagerApplicationTests" time="0.625">
    <system-out><![CDATA[Standard Commons Logging discovery in action with spring-jcl: please remove commons-logging.jar from classpath in order to avoid potential conflicts
23:31:30.982 [main] INFO org.springframework.test.context.support.AnnotationConfigContextLoaderUtils -- Could not detect default configuration classes for test class [com.portfolio.pswmanager.PswmanagerApplicationTests]: PswmanagerApplicationTests does not declare any static, non-private, non-final, nested classes annotated with @Configuration.
23:31:31.136 [main] INFO org.springframework.boot.test.context.SpringBootTestContextBootstrapper -- Found @SpringBootConfiguration com.portfolio.pswmanager.PswmanagerApplication for test class com.portfolio.pswmanager.PswmanagerApplicationTests

  .   ____          _            __ _ _
 /\\ / ___'_ __ _ _(_)_ __  __ _ \ \ \ \
( ( )\___ | '_ | '_| | '_ \/ _` | \ \ \ \
 \\/  ___)| |_)| | | | | || (_| |  ) ) ) )
  '  |____| .__|_| |_|_| |_\__, | / / / /
 =========|_|==============|___/=/_/_/_/
 :: Spring Boot ::                (v3.2.0)

2026-04-05 23:31:31.927  INFO --- [           main] c.p.p.PswmanagerApplicationTests         : Starting PswmanagerApplicationTests using Java 21.0.10 with PID 14312 (started by valem in C:\Users\valem\IdeaProjects\password_manager\pswmanager)
2026-04-05 23:31:31.928 DEBUG --- [           main] c.p.p.PswmanagerApplicationTests         : Running with Spring Boot v3.2.0, Spring v6.1.1
2026-04-05 23:31:31.929  INFO --- [           main] c.p.p.PswmanagerApplicationTests         : No active profile set, falling back to 1 default profile: "default"
2026-04-05 23:31:33.339  INFO --- [           main] .s.d.r.c.RepositoryConfigurationDelegate : Bootstrapping Spring Data JPA repositories in DEFAULT mode.
2026-04-05 23:31:33.440  INFO --- [           main] .s.d.r.c.RepositoryConfigurationDelegate : Finished Spring Data repository scanning in 92 ms. Found 3 JPA repository interfaces.
2026-04-05 23:31:34.393  INFO --- [           main] o.hibernate.jpa.internal.util.LogHelper  : HHH000204: Processing PersistenceUnitInfo [name: default]
2026-04-05 23:31:34.503  INFO --- [           main] org.hibernate.Version                    : HHH000412: Hibernate ORM core version 6.3.1.Final
2026-04-05 23:31:34.569  INFO --- [           main] o.h.c.internal.RegionFactoryInitiator    : HHH000026: Second-level cache disabled
2026-04-05 23:31:34.993  INFO --- [           main] o.s.o.j.p.SpringPersistenceUnitInfo      : No LoadTimeWeaver setup: ignoring JPA class transformer
2026-04-05 23:31:35.039  INFO --- [           main] com.zaxxer.hikari.HikariDataSource       : HikariPool-1 - Starting...
2026-04-05 23:31:35.297  INFO --- [           main] com.zaxxer.hikari.pool.HikariPool        : HikariPool-1 - Added connection org.postgresql.jdbc.PgConnection@2d24cdd9
2026-04-05 23:31:35.299  INFO --- [           main] com.zaxxer.hikari.HikariDataSource       : HikariPool-1 - Start completed.
2026-04-05 23:31:35.329  WARN --- [           main] org.hibernate.orm.deprecation            : HHH90000025: PostgreSQLDialect does not need to be specified explicitly using 'hibernate.dialect' (remove the property setting and it will be selected by default)
2026-04-05 23:31:36.697  INFO --- [           main] o.h.e.t.j.p.i.JtaPlatformInitiator       : HHH000489: No JTA platform available (set 'hibernate.transaction.jta.platform' to enable JTA platform integration)
2026-04-05 23:31:36.795  INFO --- [           main] j.LocalContainerEntityManagerFactoryBean : Initialized JPA EntityManagerFactory for persistence unit 'default'
2026-04-05 23:31:37.450  INFO --- [           main] o.s.d.j.r.query.QueryEnhancerFactory     : Hibernate is in classpath; If applicable, HQL parser will be used.
2026-04-05 23:31:38.385  WARN --- [           main] JpaBaseConfiguration$JpaWebConfiguration : spring.jpa.open-in-view is enabled by default. Therefore, database queries may be performed during view rendering. Explicitly configure spring.jpa.open-in-view to disable this warning
2026-04-05 23:31:38.829  INFO --- [           main] o.s.s.web.DefaultSecurityFilterChain     : Will secure any request with [org.springframework.security.web.session.DisableEncodeUrlFilter@7f129873, org.springframework.security.web.context.request.async.WebAsyncManagerIntegrationFilter@6ac0c3aa, org.springframework.security.web.context.SecurityContextHolderFilter@56a69c47, org.springframework.security.web.header.HeaderWriterFilter@1621264e, org.springframework.web.filter.CorsFilter@ceeb762, org.springframework.security.web.csrf.CsrfFilter@30be77cd, org.springframework.security.web.authentication.logout.LogoutFilter@29244152, com.portfolio.pswmanager.config.RateLimitingFilter@1fae388c, org.springframework.security.web.authentication.UsernamePasswordAuthenticationFilter@188caeaf, org.springframework.security.web.session.ConcurrentSessionFilter@42b6acc2, org.springframework.security.web.savedrequest.RequestCacheAwareFilter@388b9799, org.springframework.security.web.servletapi.SecurityContextHolderAwareRequestFilter@4225b4e2, org.springframework.security.web.authentication.AnonymousAuthenticationFilter@3b75fdd0, org.springframework.security.web.session.SessionManagementFilter@5392c0a7, org.springframework.security.web.access.ExceptionTranslationFilter@69a8191e, org.springframework.security.web.access.intercept.AuthorizationFilter@4eb0ed44]
2026-04-05 23:31:39.404  INFO --- [           main] c.p.p.PswmanagerApplicationTests         : Started PswmanagerApplicationTests in 8.076 seconds (process running for 9.388)
]]></system-out>
    <system-err><![CDATA[WARNING: A Java agent has been loaded dynamically (C:\Users\valem\.m2\repository\net\bytebuddy\byte-buddy-agent\1.14.10\byte-buddy-agent-1.14.10.jar)
WARNING: If a serviceability tool is in use, please run with -XX:+EnableDynamicAgentLoading to hide this warning
WARNING: If a serviceability tool is not in use, please run with -Djdk.instrument.traceUsage for more information
WARNING: Dynamic loading of agents will be disallowed by default in a future release
]]></system-err>
  </testcase>
</testsuite>